2025-07-15T21:29:45.117Z - Error [ERR_TLS_CERT_ALTNAME_INVALID]: Hostname/IP does not match certificate's altnames: Host: goldenvisashub.com. is not in the cert's altnames: DNS:*.host-services.com, DNS:host-services.com
    at new NodeError (node:internal/errors:405:5)
    at Object.checkServerIdentity (node:tls:337:12)
    at TLSSocket.onConnectSecure (node:_tls_wrap:1669:27)
    at TLSSocket.emit (node:events:517:28)
    at TLSSocket._finishInit (node:_tls_wrap:1070:8)
    at ssl.onhandshakedone (node:_tls_wrap:856:12)
2025-07-15T21:30:08.211Z - Error [ERR_TLS_CERT_ALTNAME_INVALID]: Hostname/IP does not match certificate's altnames: Host: goldenvisashub.com. is not in the cert's altnames: DNS:*.host-services.com, DNS:host-services.com
    at new NodeError (node:internal/errors:405:5)
    at Object.checkServerIdentity (node:tls:337:12)
    at TLSSocket.onConnectSecure (node:_tls_wrap:1669:27)
    at TLSSocket.emit (node:events:517:28)
    at TLSSocket._finishInit (node:_tls_wrap:1070:8)
    at ssl.onhandshakedone (node:_tls_wrap:856:12)
2025-07-15T21:30:51.650Z - Error [ERR_TLS_CERT_ALTNAME_INVALID]: Hostname/IP does not match certificate's altnames: Host: goldenvisashub.com. is not in the cert's altnames: DNS:*.host-services.com, DNS:host-services.com
    at new NodeError (node:internal/errors:405:5)
    at Object.checkServerIdentity (node:tls:337:12)
    at TLSSocket.onConnectSecure (node:_tls_wrap:1669:27)
    at TLSSocket.emit (node:events:517:28)
    at TLSSocket._finishInit (node:_tls_wrap:1070:8)
    at ssl.onhandshakedone (node:_tls_wrap:856:12)
2025-07-15T21:39:38.664Z - Error [ERR_TLS_CERT_ALTNAME_INVALID]: Hostname/IP does not match certificate's altnames: Host: goldenvisashub.com. is not in the cert's altnames: DNS:*.host-services.com, DNS:host-services.com
    at new NodeError (node:internal/errors:405:5)
    at Object.checkServerIdentity (node:tls:337:12)
    at TLSSocket.onConnectSecure (node:_tls_wrap:1669:27)
    at TLSSocket.emit (node:events:517:28)
    at TLSSocket._finishInit (node:_tls_wrap:1070:8)
    at ssl.onhandshakedone (node:_tls_wrap:856:12)
2025-07-15T21:41:15.117Z - Error [ERR_TLS_CERT_ALTNAME_INVALID]: Hostname/IP does not match certificate's altnames: Host: goldenvisashub.com. is not in the cert's altnames: DNS:*.host-services.com, DNS:host-services.com
    at new NodeError (node:internal/errors:405:5)
    at Object.checkServerIdentity (node:tls:337:12)
    at TLSSocket.onConnectSecure (node:_tls_wrap:1669:27)
    at TLSSocket.emit (node:events:517:28)
    at TLSSocket._finishInit (node:_tls_wrap:1070:8)
    at ssl.onhandshakedone (node:_tls_wrap:856:12)
2025-07-15T21:50:00.846Z - Error [ERR_TLS_CERT_ALTNAME_INVALID]: Hostname/IP does not match certificate's altnames: Host: goldenvisashub.com. is not in the cert's altnames: DNS:*.host-services.com, DNS:host-services.com
    at new NodeError (node:internal/errors:405:5)
    at Object.checkServerIdentity (node:tls:337:12)
    at TLSSocket.onConnectSecure (node:_tls_wrap:1669:27)
    at TLSSocket.emit (node:events:517:28)
    at TLSSocket._finishInit (node:_tls_wrap:1070:8)
    at ssl.onhandshakedone (node:_tls_wrap:856:12)
2025-07-15T21:53:05.825Z - Error [ERR_TLS_CERT_ALTNAME_INVALID]: Hostname/IP does not match certificate's altnames: Host: goldenvisashub.com. is not in the cert's altnames: DNS:*.host-services.com, DNS:host-services.com
    at new NodeError (node:internal/errors:405:5)
    at Object.checkServerIdentity (node:tls:337:12)
    at TLSSocket.onConnectSecure (node:_tls_wrap:1669:27)
    at TLSSocket.emit (node:events:517:28)
    at TLSSocket._finishInit (node:_tls_wrap:1070:8)
    at ssl.onhandshakedone (node:_tls_wrap:856:12)
2025-07-15T21:55:17.041Z - Error [ERR_TLS_CERT_ALTNAME_INVALID]: Hostname/IP does not match certificate's altnames: Host: goldenvisashub.com. is not in the cert's altnames: DNS:*.host-services.com, DNS:host-services.com
    at new NodeError (node:internal/errors:405:5)
    at Object.checkServerIdentity (node:tls:337:12)
    at TLSSocket.onConnectSecure (node:_tls_wrap:1669:27)
    at TLSSocket.emit (node:events:517:28)
    at TLSSocket._finishInit (node:_tls_wrap:1070:8)
    at ssl.onhandshakedone (node:_tls_wrap:856:12)
2025-07-15T21:57:39.758Z - Error [ERR_TLS_CERT_ALTNAME_INVALID]: Hostname/IP does not match certificate's altnames: Host: goldenvisashub.com. is not in the cert's altnames: DNS:*.host-services.com, DNS:host-services.com
    at new NodeError (node:internal/errors:405:5)
    at Object.checkServerIdentity (node:tls:337:12)
    at TLSSocket.onConnectSecure (node:_tls_wrap:1669:27)
    at TLSSocket.emit (node:events:517:28)
    at TLSSocket._finishInit (node:_tls_wrap:1070:8)
    at ssl.onhandshakedone (node:_tls_wrap:856:12)
2025-07-15T21:57:51.869Z - Error [ERR_TLS_CERT_ALTNAME_INVALID]: Hostname/IP does not match certificate's altnames: Host: goldenvisashub.com. is not in the cert's altnames: DNS:*.host-services.com, DNS:host-services.com
    at new NodeError (node:internal/errors:405:5)
    at Object.checkServerIdentity (node:tls:337:12)
    at TLSSocket.onConnectSecure (node:_tls_wrap:1669:27)
    at TLSSocket.emit (node:events:517:28)
    at TLSSocket._finishInit (node:_tls_wrap:1070:8)
    at ssl.onhandshakedone (node:_tls_wrap:856:12)
2025-07-15T21:58:45.667Z - Error [ERR_TLS_CERT_ALTNAME_INVALID]: Hostname/IP does not match certificate's altnames: Host: goldenvisashub.com. is not in the cert's altnames: DNS:*.host-services.com, DNS:host-services.com
    at new NodeError (node:internal/errors:405:5)
    at Object.checkServerIdentity (node:tls:337:12)
    at TLSSocket.onConnectSecure (node:_tls_wrap:1669:27)
    at TLSSocket.emit (node:events:517:28)
    at TLSSocket._finishInit (node:_tls_wrap:1070:8)
    at ssl.onhandshakedone (node:_tls_wrap:856:12)
2025-07-15T22:00:28.797Z - Error [ERR_TLS_CERT_ALTNAME_INVALID]: Hostname/IP does not match certificate's altnames: Host: goldenvisashub.com. is not in the cert's altnames: DNS:*.host-services.com, DNS:host-services.com
    at new NodeError (node:internal/errors:405:5)
    at Object.checkServerIdentity (node:tls:337:12)
    at TLSSocket.onConnectSecure (node:_tls_wrap:1669:27)
    at TLSSocket.emit (node:events:517:28)
    at TLSSocket._finishInit (node:_tls_wrap:1070:8)
    at ssl.onhandshakedone (node:_tls_wrap:856:12)
2025-07-15T22:00:49.172Z - Error [ERR_TLS_CERT_ALTNAME_INVALID]: Hostname/IP does not match certificate's altnames: Host: goldenvisashub.com. is not in the cert's altnames: DNS:*.host-services.com, DNS:host-services.com
    at new NodeError (node:internal/errors:405:5)
    at Object.checkServerIdentity (node:tls:337:12)
    at TLSSocket.onConnectSecure (node:_tls_wrap:1669:27)
    at TLSSocket.emit (node:events:517:28)
    at TLSSocket._finishInit (node:_tls_wrap:1070:8)
    at ssl.onhandshakedone (node:_tls_wrap:856:12)
2025-07-15T22:01:03.256Z - Error [ERR_TLS_CERT_ALTNAME_INVALID]: Hostname/IP does not match certificate's altnames: Host: goldenvisashub.com. is not in the cert's altnames: DNS:*.host-services.com, DNS:host-services.com
    at new NodeError (node:internal/errors:405:5)
    at Object.checkServerIdentity (node:tls:337:12)
    at TLSSocket.onConnectSecure (node:_tls_wrap:1669:27)
    at TLSSocket.emit (node:events:517:28)
    at TLSSocket._finishInit (node:_tls_wrap:1070:8)
    at ssl.onhandshakedone (node:_tls_wrap:856:12)
2025-07-15T22:13:03.835Z - Error [ERR_TLS_CERT_ALTNAME_INVALID]: Hostname/IP does not match certificate's altnames: Host: goldenvisashub.com. is not in the cert's altnames: DNS:*.host-services.com, DNS:host-services.com
    at new NodeError (node:internal/errors:405:5)
    at Object.checkServerIdentity (node:tls:337:12)
    at TLSSocket.onConnectSecure (node:_tls_wrap:1669:27)
    at TLSSocket.emit (node:events:517:28)
    at TLSSocket._finishInit (node:_tls_wrap:1070:8)
    at ssl.onhandshakedone (node:_tls_wrap:856:12)
2025-07-15T22:18:07.855Z - Error [ERR_TLS_CERT_ALTNAME_INVALID]: Hostname/IP does not match certificate's altnames: Host: goldenvisashub.com. is not in the cert's altnames: DNS:*.host-services.com, DNS:host-services.com
    at new NodeError (node:internal/errors:405:5)
    at Object.checkServerIdentity (node:tls:337:12)
    at TLSSocket.onConnectSecure (node:_tls_wrap:1669:27)
    at TLSSocket.emit (node:events:517:28)
    at TLSSocket._finishInit (node:_tls_wrap:1070:8)
    at ssl.onhandshakedone (node:_tls_wrap:856:12)
2025-07-15T22:18:14.215Z - Error [ERR_TLS_CERT_ALTNAME_INVALID]: Hostname/IP does not match certificate's altnames: Host: goldenvisashub.com. is not in the cert's altnames: DNS:*.host-services.com, DNS:host-services.com
    at new NodeError (node:internal/errors:405:5)
    at Object.checkServerIdentity (node:tls:337:12)
    at TLSSocket.onConnectSecure (node:_tls_wrap:1669:27)
    at TLSSocket.emit (node:events:517:28)
    at TLSSocket._finishInit (node:_tls_wrap:1070:8)
    at ssl.onhandshakedone (node:_tls_wrap:856:12)
2025-07-15T22:31:26.719Z - Error [ERR_TLS_CERT_ALTNAME_INVALID]: Hostname/IP does not match certificate's altnames: Host: goldenvisashub.com. is not in the cert's altnames: DNS:*.host-services.com, DNS:host-services.com
    at new NodeError (node:internal/errors:405:5)
    at Object.checkServerIdentity (node:tls:337:12)
    at TLSSocket.onConnectSecure (node:_tls_wrap:1669:27)
    at TLSSocket.emit (node:events:517:28)
    at TLSSocket._finishInit (node:_tls_wrap:1070:8)
    at ssl.onhandshakedone (node:_tls_wrap:856:12)
2025-07-15T22:32:56.294Z - Error [ERR_TLS_CERT_ALTNAME_INVALID]: Hostname/IP does not match certificate's altnames: Host: goldenvisashub.com. is not in the cert's altnames: DNS:*.host-services.com, DNS:host-services.com
    at new NodeError (node:internal/errors:405:5)
    at Object.checkServerIdentity (node:tls:337:12)
    at TLSSocket.onConnectSecure (node:_tls_wrap:1669:27)
    at TLSSocket.emit (node:events:517:28)
    at TLSSocket._finishInit (node:_tls_wrap:1070:8)
    at ssl.onhandshakedone (node:_tls_wrap:856:12)
2025-07-15T22:36:32.572Z - Error [ERR_TLS_CERT_ALTNAME_INVALID]: Hostname/IP does not match certificate's altnames: Host: goldenvisashub.com. is not in the cert's altnames: DNS:*.host-services.com, DNS:host-services.com
    at new NodeError (node:internal/errors:405:5)
    at Object.checkServerIdentity (node:tls:337:12)
    at TLSSocket.onConnectSecure (node:_tls_wrap:1669:27)
    at TLSSocket.emit (node:events:517:28)
    at TLSSocket._finishInit (node:_tls_wrap:1070:8)
    at ssl.onhandshakedone (node:_tls_wrap:856:12)
2025-07-15T22:37:39.061Z - Error [ERR_TLS_CERT_ALTNAME_INVALID]: Hostname/IP does not match certificate's altnames: Host: goldenvisashub.com. is not in the cert's altnames: DNS:*.host-services.com, DNS:host-services.com
    at new NodeError (node:internal/errors:405:5)
    at Object.checkServerIdentity (node:tls:337:12)
    at TLSSocket.onConnectSecure (node:_tls_wrap:1669:27)
    at TLSSocket.emit (node:events:517:28)
    at TLSSocket._finishInit (node:_tls_wrap:1070:8)
    at ssl.onhandshakedone (node:_tls_wrap:856:12)
2025-07-15T22:37:47.085Z - Error [ERR_TLS_CERT_ALTNAME_INVALID]: Hostname/IP does not match certificate's altnames: Host: goldenvisashub.com. is not in the cert's altnames: DNS:*.host-services.com, DNS:host-services.com
    at new NodeError (node:internal/errors:405:5)
    at Object.checkServerIdentity (node:tls:337:12)
    at TLSSocket.onConnectSecure (node:_tls_wrap:1669:27)
    at TLSSocket.emit (node:events:517:28)
    at TLSSocket._finishInit (node:_tls_wrap:1070:8)
    at ssl.onhandshakedone (node:_tls_wrap:856:12)
2025-07-15T22:40:35.031Z - Error [ERR_TLS_CERT_ALTNAME_INVALID]: Hostname/IP does not match certificate's altnames: Host: goldenvisashub.com. is not in the cert's altnames: DNS:*.host-services.com, DNS:host-services.com
    at new NodeError (node:internal/errors:405:5)
    at Object.checkServerIdentity (node:tls:337:12)
    at TLSSocket.onConnectSecure (node:_tls_wrap:1669:27)
    at TLSSocket.emit (node:events:517:28)
    at TLSSocket._finishInit (node:_tls_wrap:1070:8)
    at ssl.onhandshakedone (node:_tls_wrap:856:12)
2025-07-15T22:41:42.827Z - Error [ERR_TLS_CERT_ALTNAME_INVALID]: Hostname/IP does not match certificate's altnames: Host: goldenvisashub.com. is not in the cert's altnames: DNS:*.host-services.com, DNS:host-services.com
    at new NodeError (node:internal/errors:405:5)
    at Object.checkServerIdentity (node:tls:337:12)
    at TLSSocket.onConnectSecure (node:_tls_wrap:1669:27)
    at TLSSocket.emit (node:events:517:28)
    at TLSSocket._finishInit (node:_tls_wrap:1070:8)
    at ssl.onhandshakedone (node:_tls_wrap:856:12)
2025-07-15T22:43:49.143Z - Error [ERR_TLS_CERT_ALTNAME_INVALID]: Hostname/IP does not match certificate's altnames: Host: goldenvisashub.com. is not in the cert's altnames: DNS:*.host-services.com, DNS:host-services.com
    at new NodeError (node:internal/errors:405:5)
    at Object.checkServerIdentity (node:tls:337:12)
    at TLSSocket.onConnectSecure (node:_tls_wrap:1669:27)
    at TLSSocket.emit (node:events:517:28)
    at TLSSocket._finishInit (node:_tls_wrap:1070:8)
    at ssl.onhandshakedone (node:_tls_wrap:856:12)
2025-07-15T22:44:32.708Z - Error [ERR_TLS_CERT_ALTNAME_INVALID]: Hostname/IP does not match certificate's altnames: Host: goldenvisashub.com. is not in the cert's altnames: DNS:*.host-services.com, DNS:host-services.com
    at new NodeError (node:internal/errors:405:5)
    at Object.checkServerIdentity (node:tls:337:12)
    at TLSSocket.onConnectSecure (node:_tls_wrap:1669:27)
    at TLSSocket.emit (node:events:517:28)
    at TLSSocket._finishInit (node:_tls_wrap:1070:8)
    at ssl.onhandshakedone (node:_tls_wrap:856:12)
2025-07-15T22:44:40.679Z - Error [ERR_TLS_CERT_ALTNAME_INVALID]: Hostname/IP does not match certificate's altnames: Host: goldenvisashub.com. is not in the cert's altnames: DNS:*.host-services.com, DNS:host-services.com
    at new NodeError (node:internal/errors:405:5)
    at Object.checkServerIdentity (node:tls:337:12)
    at TLSSocket.onConnectSecure (node:_tls_wrap:1669:27)
    at TLSSocket.emit (node:events:517:28)
    at TLSSocket._finishInit (node:_tls_wrap:1070:8)
    at ssl.onhandshakedone (node:_tls_wrap:856:12)
